app/build/intermediates/manifest_merge_blame_file/debug/manifest-merger-blame-debug-report.txt
1<?xml version="1.0" encoding="utf-8"?>
2<manifest xmlns:android="http://schemas.android.com/apk/res/android"
3    package="com.example.healthroutine"
4    android:versionCode="1"
5    android:versionName="1.0" >
6
7    <uses-sdk
8        android:minSdkVersion="23"
8-->src\main\AndroidManifest.xml
9        android:targetSdkVersion="30" />
9-->src\main\AndroidManifest.xml
10
11    <uses-permission android:name="android.permission.ACTIVITY_RECOGNITION" />
11-->src\main\AndroidManifest.xml:4:5-95
11-->src\main\AndroidManifest.xml:4:22-76
12
13    <!-- Although the *SdkVersion is captured in gradle build files, this is required for non gradle builds -->
14    <!-- <uses-sdk android:minSdkVersion="14"/> -->
15    <uses-permission android:name="android.permission.ACCESS_NETWORK_STATE" />
15-->[com.google.firebase:firebase-database:19.7.0] AndroidManifest.xml:25:5-79
15-->[com.google.firebase:firebase-database:19.7.0] AndroidManifest.xml:25:22-76
16    <uses-permission android:name="android.permission.INTERNET" />
16-->[com.google.firebase:firebase-database:19.7.0] AndroidManifest.xml:26:5-67
16-->[com.google.firebase:firebase-database:19.7.0] AndroidManifest.xml:26:22-64
17
18    <application
18-->src\main\AndroidManifest.xml:5:5-25:19
19        android:allowBackup="true"
19-->src\main\AndroidManifest.xml:6:9-35
20        android:appComponentFactory="androidx.core.app.CoreComponentFactory"
20-->[androidx.core:core:1.3.1] AndroidManifest.xml:24:18-86
21        android:debuggable="true"
22        android:extractNativeLibs="false"
23        android:icon="@mipmap/ic_launcher"
23-->src\main\AndroidManifest.xml:7:9-43
24        android:label="@string/app_name"
24-->src\main\AndroidManifest.xml:8:9-41
25        android:roundIcon="@mipmap/ic_launcher_round"
25-->src\main\AndroidManifest.xml:9:9-54
26        android:supportsRtl="true"
26-->src\main\AndroidManifest.xml:10:9-35
27        android:testOnly="true"
28        android:theme="@style/Theme.HealthRoutine" >
28-->src\main\AndroidManifest.xml:11:9-51
29        <activity android:name="com.example.healthroutine.InfoScreen" />
29-->src\main\AndroidManifest.xml:12:9-57
29-->src\main\AndroidManifest.xml:12:19-45
30        <activity android:name="com.example.healthroutine.PedometerScreen" />
30-->src\main\AndroidManifest.xml:13:9-53
30-->src\main\AndroidManifest.xml:13:19-50
31        <activity android:name="com.example.healthroutine.DietMenuScreen" />
31-->src\main\AndroidManifest.xml:14:9-52
31-->src\main\AndroidManifest.xml:14:19-49
32        <activity android:name="com.example.healthroutine.CountWaterScreen" />
32-->src\main\AndroidManifest.xml:15:9-54
32-->src\main\AndroidManifest.xml:15:19-51
33        <activity android:name="com.example.healthroutine.BMIScreen" />
33-->src\main\AndroidManifest.xml:16:9-47
33-->src\main\AndroidManifest.xml:16:19-44
34        <activity android:name="com.example.healthroutine.MenuScreen" />
34-->src\main\AndroidManifest.xml:17:9-48
34-->src\main\AndroidManifest.xml:17:19-45
35        <activity android:name="com.example.healthroutine.MainActivity" >
35-->src\main\AndroidManifest.xml:18:9-24:20
35-->src\main\AndroidManifest.xml:18:19-47
36            <intent-filter>
36-->src\main\AndroidManifest.xml:19:13-23:29
37                <action android:name="android.intent.action.MAIN" />
37-->src\main\AndroidManifest.xml:20:17-69
37-->src\main\AndroidManifest.xml:20:25-66
38
39                <category android:name="android.intent.category.LAUNCHER" />
39-->src\main\AndroidManifest.xml:22:17-77
39-->src\main\AndroidManifest.xml:22:27-74
40            </intent-filter>
41        </activity>
42
43        <service
43-->[com.google.firebase:firebase-database:19.7.0] AndroidManifest.xml:29:9-35:19
44            android:name="com.google.firebase.components.ComponentDiscoveryService"
44-->[com.google.firebase:firebase-database:19.7.0] AndroidManifest.xml:30:13-84
45            android:directBootAware="true"
45-->[com.google.firebase:firebase-common:19.5.0] AndroidManifest.xml:35:13-43
46            android:exported="false" >
46-->[com.google.firebase:firebase-database:19.7.0] AndroidManifest.xml:31:13-37
47            <meta-data
47-->[com.google.firebase:firebase-database:19.7.0] AndroidManifest.xml:32:13-34:85
48                android:name="com.google.firebase.components:com.google.firebase.database.DatabaseRegistrar"
48-->[com.google.firebase:firebase-database:19.7.0] AndroidManifest.xml:33:17-109
49                android:value="com.google.firebase.components.ComponentRegistrar" />
49-->[com.google.firebase:firebase-database:19.7.0] AndroidManifest.xml:34:17-82
50            <!--
51                This registrar is not defined in the dynamic-module-support sdk itself to allow non-firebase
52                clients to use it as well, by defining this registrar in their own core/common library.
53            -->
54            <meta-data
54-->[com.google.firebase:firebase-common:19.5.0] AndroidManifest.xml:43:13-45:85
55                android:name="com.google.firebase.components:com.google.firebase.dynamicloading.DynamicLoadingRegistrar"
55-->[com.google.firebase:firebase-common:19.5.0] AndroidManifest.xml:44:17-121
56                android:value="com.google.firebase.components.ComponentRegistrar" />
56-->[com.google.firebase:firebase-common:19.5.0] AndroidManifest.xml:45:17-82
57        </service>
58
59        <activity
59-->[com.google.android.gms:play-services-base:17.0.0] AndroidManifest.xml:23:9-26:75
60            android:name="com.google.android.gms.common.api.GoogleApiActivity"
60-->[com.google.android.gms:play-services-base:17.0.0] AndroidManifest.xml:24:13-79
61            android:exported="false"
61-->[com.google.android.gms:play-services-base:17.0.0] AndroidManifest.xml:25:13-37
62            android:theme="@android:style/Theme.Translucent.NoTitleBar" />
62-->[com.google.android.gms:play-services-base:17.0.0] AndroidManifest.xml:26:13-72
63
64        <provider
64-->[com.google.firebase:firebase-common:19.5.0] AndroidManifest.xml:26:9-31:39
65            android:name="com.google.firebase.provider.FirebaseInitProvider"
65-->[com.google.firebase:firebase-common:19.5.0] AndroidManifest.xml:27:13-77
66            android:authorities="com.example.healthroutine.firebaseinitprovider"
66-->[com.google.firebase:firebase-common:19.5.0] AndroidManifest.xml:28:13-72
67            android:directBootAware="true"
67-->[com.google.firebase:firebase-common:19.5.0] AndroidManifest.xml:29:13-43
68            android:exported="false"
68-->[com.google.firebase:firebase-common:19.5.0] AndroidManifest.xml:30:13-37
69            android:initOrder="100" />
69-->[com.google.firebase:firebase-common:19.5.0] AndroidManifest.xml:31:13-36
70
71        <meta-data
71-->[com.google.android.gms:play-services-basement:17.0.0] AndroidManifest.xml:23:9-25:69
72            android:name="com.google.android.gms.version"
72-->[com.google.android.gms:play-services-basement:17.0.0] AndroidManifest.xml:24:13-58
73            android:value="@integer/google_play_services_version" />
73-->[com.google.android.gms:play-services-basement:17.0.0] AndroidManifest.xml:25:13-66
74    </application>
75
76</manifest>